running develop
/usr/lib/python3/dist-packages/setuptools/command/easy_install.py:363: UserWarning: Unbuilt egg for pytest-repeat [unknown version] (/usr/lib/python3/dist-packages)
  self.local_index = Environment(self.shadow_path + sys.path)
Removing /home/nga/robot_social_pathfinding/my_ws/install/my_robot_description/lib/python3.12/site-packages/my-robot-description.egg-link (link to .)
running egg_info
writing ../../build/my_robot_description/my_robot_description.egg-info/PKG-INFO
writing dependency_links to ../../build/my_robot_description/my_robot_description.egg-info/dependency_links.txt
writing entry points to ../../build/my_robot_description/my_robot_description.egg-info/entry_points.txt
writing requirements to ../../build/my_robot_description/my_robot_description.egg-info/requires.txt
writing top-level names to ../../build/my_robot_description/my_robot_description.egg-info/top_level.txt
reading manifest file '../../build/my_robot_description/my_robot_description.egg-info/SOURCES.txt'
writing manifest file '../../build/my_robot_description/my_robot_description.egg-info/SOURCES.txt'
running build
running build_py
creating /home/nga/robot_social_pathfinding/my_ws/build/my_robot_description/build
creating /home/nga/robot_social_pathfinding/my_ws/build/my_robot_description/build/lib
creating /home/nga/robot_social_pathfinding/my_ws/build/my_robot_description/build/lib/my_robot_description
copying my_robot_description/social_costmap_node.py -> /home/nga/robot_social_pathfinding/my_ws/build/my_robot_description/build/lib/my_robot_description
copying my_robot_description/human_fusion_node.py -> /home/nga/robot_social_pathfinding/my_ws/build/my_robot_description/build/lib/my_robot_description
copying my_robot_description/__init__.py -> /home/nga/robot_social_pathfinding/my_ws/build/my_robot_description/build/lib/my_robot_description
copying my_robot_description/human_node.py -> /home/nga/robot_social_pathfinding/my_ws/build/my_robot_description/build/lib/my_robot_description
copying my_robot_description/global_costmap_node.py -> /home/nga/robot_social_pathfinding/my_ws/build/my_robot_description/build/lib/my_robot_description
running install
running install_lib
creating /home/nga/robot_social_pathfinding/my_ws/install/my_robot_description/lib/python3.12/site-packages/my_robot_description
copying /home/nga/robot_social_pathfinding/my_ws/build/my_robot_description/build/lib/my_robot_description/social_costmap_node.py -> /home/nga/robot_social_pathfinding/my_ws/install/my_robot_description/lib/python3.12/site-packages/my_robot_description
copying /home/nga/robot_social_pathfinding/my_ws/build/my_robot_description/build/lib/my_robot_description/human_fusion_node.py -> /home/nga/robot_social_pathfinding/my_ws/install/my_robot_description/lib/python3.12/site-packages/my_robot_description
copying /home/nga/robot_social_pathfinding/my_ws/build/my_robot_description/build/lib/my_robot_description/__init__.py -> /home/nga/robot_social_pathfinding/my_ws/install/my_robot_description/lib/python3.12/site-packages/my_robot_description
copying /home/nga/robot_social_pathfinding/my_ws/build/my_robot_description/build/lib/my_robot_description/human_node.py -> /home/nga/robot_social_pathfinding/my_ws/install/my_robot_description/lib/python3.12/site-packages/my_robot_description
copying /home/nga/robot_social_pathfinding/my_ws/build/my_robot_description/build/lib/my_robot_description/global_costmap_node.py -> /home/nga/robot_social_pathfinding/my_ws/install/my_robot_description/lib/python3.12/site-packages/my_robot_description
byte-compiling /home/nga/robot_social_pathfinding/my_ws/install/my_robot_description/lib/python3.12/site-packages/my_robot_description/social_costmap_node.py to social_costmap_node.cpython-312.pyc
byte-compiling /home/nga/robot_social_pathfinding/my_ws/install/my_robot_description/lib/python3.12/site-packages/my_robot_description/human_fusion_node.py to human_fusion_node.cpython-312.pyc
byte-compiling /home/nga/robot_social_pathfinding/my_ws/install/my_robot_description/lib/python3.12/site-packages/my_robot_description/__init__.py to __init__.cpython-312.pyc
byte-compiling /home/nga/robot_social_pathfinding/my_ws/install/my_robot_description/lib/python3.12/site-packages/my_robot_description/human_node.py to human_node.cpython-312.pyc
byte-compiling /home/nga/robot_social_pathfinding/my_ws/install/my_robot_description/lib/python3.12/site-packages/my_robot_description/global_costmap_node.py to global_costmap_node.cpython-312.pyc
running install_data
copying resource/my_robot_description -> /home/nga/robot_social_pathfinding/my_ws/install/my_robot_description/share/ament_index/resource_index/packages
copying package.xml -> /home/nga/robot_social_pathfinding/my_ws/install/my_robot_description/share/my_robot_description
copying launch/start_robot.launch.py -> /home/nga/robot_social_pathfinding/my_ws/install/my_robot_description/share/my_robot_description/launch
copying robot_description/robot_control.xacro -> /home/nga/robot_social_pathfinding/my_ws/install/my_robot_description/share/my_robot_description/robot_description
copying robot_description/robot.urdf.xacro -> /home/nga/robot_social_pathfinding/my_ws/install/my_robot_description/share/my_robot_description/robot_description
copying robot_description/camera.xacro -> /home/nga/robot_social_pathfinding/my_ws/install/my_robot_description/share/my_robot_description/robot_description
copying robot_description/depth_camera.xacro -> /home/nga/robot_social_pathfinding/my_ws/install/my_robot_description/share/my_robot_description/robot_description
copying robot_description/imu.xacro -> /home/nga/robot_social_pathfinding/my_ws/install/my_robot_description/share/my_robot_description/robot_description
copying robot_description/robot_core.xacro -> /home/nga/robot_social_pathfinding/my_ws/install/my_robot_description/share/my_robot_description/robot_description
copying robot_description/lidar.xacro -> /home/nga/robot_social_pathfinding/my_ws/install/my_robot_description/share/my_robot_description/robot_description
copying robot_description/inertial_macros.xacro -> /home/nga/robot_social_pathfinding/my_ws/install/my_robot_description/share/my_robot_description/robot_description
copying worlds/maze_world.sdf -> /home/nga/robot_social_pathfinding/my_ws/install/my_robot_description/share/my_robot_description/worlds
copying rviz/my_robot.rviz -> /home/nga/robot_social_pathfinding/my_ws/install/my_robot_description/share/my_robot_description/rviz
copying config/mapper_params_online_async.yaml -> /home/nga/robot_social_pathfinding/my_ws/install/my_robot_description/share/my_robot_description/config
copying config/ekf.yaml -> /home/nga/robot_social_pathfinding/my_ws/install/my_robot_description/share/my_robot_description/config
running install_egg_info
Copying ../../build/my_robot_description/my_robot_description.egg-info to /home/nga/robot_social_pathfinding/my_ws/install/my_robot_description/lib/python3.12/site-packages/my_robot_description-0.0.0-py3.12.egg-info
running install_scripts
Installing global_costmap script to /home/nga/robot_social_pathfinding/my_ws/install/my_robot_description/lib/my_robot_description
Installing human_fusion script to /home/nga/robot_social_pathfinding/my_ws/install/my_robot_description/lib/my_robot_description
Installing human_node script to /home/nga/robot_social_pathfinding/my_ws/install/my_robot_description/lib/my_robot_description
Installing social_costmap script to /home/nga/robot_social_pathfinding/my_ws/install/my_robot_description/lib/my_robot_description
writing list of installed files to '/home/nga/robot_social_pathfinding/my_ws/build/my_robot_description/install.log'
