running develop
running egg_info
creating my_robot_description.egg-info
writing my_robot_description.egg-info/PKG-INFO
writing dependency_links to my_robot_description.egg-info/dependency_links.txt
writing entry points to my_robot_description.egg-info/entry_points.txt
writing requirements to my_robot_description.egg-info/requires.txt
writing top-level names to my_robot_description.egg-info/top_level.txt
writing manifest file 'my_robot_description.egg-info/SOURCES.txt'
reading manifest file 'my_robot_description.egg-info/SOURCES.txt'
writing manifest file 'my_robot_description.egg-info/SOURCES.txt'
running build_ext
Creating /home/nga/robot_social_pathfinding/my_ws/install/my_robot_description/lib/python3.12/site-packages/my-robot-description.egg-link (link to .)
Installing global_costmap script to /home/nga/robot_social_pathfinding/my_ws/install/my_robot_description/lib/my_robot_description
Installing human_fusion script to /home/nga/robot_social_pathfinding/my_ws/install/my_robot_description/lib/my_robot_description
Installing human_node script to /home/nga/robot_social_pathfinding/my_ws/install/my_robot_description/lib/my_robot_description
Installing social_costmap script to /home/nga/robot_social_pathfinding/my_ws/install/my_robot_description/lib/my_robot_description

Installed /home/nga/robot_social_pathfinding/my_ws/build/my_robot_description
running symlink_data
creating /home/nga/robot_social_pathfinding/my_ws/install/my_robot_description/share/ament_index
creating /home/nga/robot_social_pathfinding/my_ws/install/my_robot_description/share/ament_index/resource_index
creating /home/nga/robot_social_pathfinding/my_ws/install/my_robot_description/share/ament_index/resource_index/packages
symbolically linking /home/nga/robot_social_pathfinding/my_ws/build/my_robot_description/resource/my_robot_description -> /home/nga/robot_social_pathfinding/my_ws/install/my_robot_description/share/ament_index/resource_index/packages
symbolically linking /home/nga/robot_social_pathfinding/my_ws/build/my_robot_description/package.xml -> /home/nga/robot_social_pathfinding/my_ws/install/my_robot_description/share/my_robot_description
creating /home/nga/robot_social_pathfinding/my_ws/install/my_robot_description/share/my_robot_description/launch
symbolically linking /home/nga/robot_social_pathfinding/my_ws/build/my_robot_description/launch/start_robot.launch.py -> /home/nga/robot_social_pathfinding/my_ws/install/my_robot_description/share/my_robot_description/launch
creating /home/nga/robot_social_pathfinding/my_ws/install/my_robot_description/share/my_robot_description/robot_description
symbolically linking /home/nga/robot_social_pathfinding/my_ws/build/my_robot_description/robot_description/robot_control.xacro -> /home/nga/robot_social_pathfinding/my_ws/install/my_robot_description/share/my_robot_description/robot_description
symbolically linking /home/nga/robot_social_pathfinding/my_ws/build/my_robot_description/robot_description/robot.urdf.xacro -> /home/nga/robot_social_pathfinding/my_ws/install/my_robot_description/share/my_robot_description/robot_description
symbolically linking /home/nga/robot_social_pathfinding/my_ws/build/my_robot_description/robot_description/camera.xacro -> /home/nga/robot_social_pathfinding/my_ws/install/my_robot_description/share/my_robot_description/robot_description
symbolically linking /home/nga/robot_social_pathfinding/my_ws/build/my_robot_description/robot_description/depth_camera.xacro -> /home/nga/robot_social_pathfinding/my_ws/install/my_robot_description/share/my_robot_description/robot_description
symbolically linking /home/nga/robot_social_pathfinding/my_ws/build/my_robot_description/robot_description/imu.xacro -> /home/nga/robot_social_pathfinding/my_ws/install/my_robot_description/share/my_robot_description/robot_description
symbolically linking /home/nga/robot_social_pathfinding/my_ws/build/my_robot_description/robot_description/robot_core.xacro -> /home/nga/robot_social_pathfinding/my_ws/install/my_robot_description/share/my_robot_description/robot_description
symbolically linking /home/nga/robot_social_pathfinding/my_ws/build/my_robot_description/robot_description/lidar.xacro -> /home/nga/robot_social_pathfinding/my_ws/install/my_robot_description/share/my_robot_description/robot_description
symbolically linking /home/nga/robot_social_pathfinding/my_ws/build/my_robot_description/robot_description/inertial_macros.xacro -> /home/nga/robot_social_pathfinding/my_ws/install/my_robot_description/share/my_robot_description/robot_description
creating /home/nga/robot_social_pathfinding/my_ws/install/my_robot_description/share/my_robot_description/worlds
symbolically linking /home/nga/robot_social_pathfinding/my_ws/build/my_robot_description/worlds/maze_world.sdf -> /home/nga/robot_social_pathfinding/my_ws/install/my_robot_description/share/my_robot_description/worlds
creating /home/nga/robot_social_pathfinding/my_ws/install/my_robot_description/share/my_robot_description/rviz
symbolically linking /home/nga/robot_social_pathfinding/my_ws/build/my_robot_description/rviz/my_robot.rviz -> /home/nga/robot_social_pathfinding/my_ws/install/my_robot_description/share/my_robot_description/rviz
creating /home/nga/robot_social_pathfinding/my_ws/install/my_robot_description/share/my_robot_description/config
symbolically linking /home/nga/robot_social_pathfinding/my_ws/build/my_robot_description/config/mapper_params_online_async.yaml -> /home/nga/robot_social_pathfinding/my_ws/install/my_robot_description/share/my_robot_description/config
symbolically linking /home/nga/robot_social_pathfinding/my_ws/build/my_robot_description/config/ekf.yaml -> /home/nga/robot_social_pathfinding/my_ws/install/my_robot_description/share/my_robot_description/config
