[0.054s] DEBUG:colcon:Command line arguments: ['/usr/bin/colcon', 'build', '--packages-select', 'my_robot_description', '--symlink-install']
[0.054s] DEBUG:colcon:Parsed command line arguments: Namespace(log_base=None, log_level=None, verb_name='build', build_base='build', install_base='install', merge_install=False, symlink_install=True, test_result_base=None, continue_on_error=False, executor='parallel', parallel_workers=20, event_handlers=None, ignore_user_meta=False, metas=['./colcon.meta'], base_paths=['.'], packages_ignore=None, packages_ignore_regex=None, paths=None, packages_up_to=None, packages_up_to_regex=None, packages_above=None, packages_above_and_dependencies=None, packages_above_depth=None, packages_select_by_dep=None, packages_skip_by_dep=None, packages_skip_up_to=None, packages_select_build_failed=False, packages_skip_build_finished=False, packages_select_test_failures=False, packages_skip_test_passed=False, packages_select=['my_robot_description'], packages_skip=None, packages_select_regex=None, packages_skip_regex=None, packages_start=None, packages_end=None, allow_overriding=[], cmake_args=None, cmake_target=None, cmake_target_skip_unavailable=False, cmake_clean_cache=False, cmake_clean_first=False, cmake_force_configure=False, ament_cmake_args=None, catkin_cmake_args=None, catkin_skip_building_tests=False, mixin_files=None, mixin=None, verb_parser=<colcon_mixin.mixin.mixin_argument.MixinArgumentDecorator object at 0x7a0f4fba38c0>, verb_extension=<colcon_core.verb.build.BuildVerb object at 0x7a0f4fba36e0>, main=<bound method BuildVerb.main of <colcon_core.verb.build.BuildVerb object at 0x7a0f4fba36e0>>, mixin_verb=('build',))
[0.073s] Level 1:colcon.colcon_core.package_discovery:discover_packages(colcon_meta) check parameters
[0.073s] Level 1:colcon.colcon_core.package_discovery:discover_packages(recursive) check parameters
[0.073s] Level 1:colcon.colcon_core.package_discovery:discover_packages(ignore) check parameters
[0.073s] Level 1:colcon.colcon_core.package_discovery:discover_packages(path) check parameters
[0.073s] Level 1:colcon.colcon_core.package_discovery:discover_packages(colcon_meta) discover
[0.073s] Level 1:colcon.colcon_core.package_discovery:discover_packages(recursive) discover
[0.073s] INFO:colcon.colcon_core.package_discovery:Crawling recursively for packages in '/home/nga/robot_social_pathfinding/my_ws'
[0.073s] Level 1:colcon.colcon_core.package_identification:_identify(.) by extensions ['ignore', 'ignore_ament_install']
[0.073s] Level 1:colcon.colcon_core.package_identification:_identify(.) by extension 'ignore'
[0.073s] Level 1:colcon.colcon_core.package_identification:_identify(.) by extension 'ignore_ament_install'
[0.073s] Level 1:colcon.colcon_core.package_identification:_identify(.) by extensions ['colcon_pkg']
[0.073s] Level 1:colcon.colcon_core.package_identification:_identify(.) by extension 'colcon_pkg'
[0.073s] Level 1:colcon.colcon_core.package_identification:_identify(.) by extensions ['colcon_meta']
[0.073s] Level 1:colcon.colcon_core.package_identification:_identify(.) by extension 'colcon_meta'
[0.073s] Level 1:colcon.colcon_core.package_identification:_identify(.) by extensions ['ros']
[0.073s] Level 1:colcon.colcon_core.package_identification:_identify(.) by extension 'ros'
[0.087s] Level 1:colcon.colcon_core.package_identification:_identify(.) by extensions ['cmake', 'python']
[0.087s] Level 1:colcon.colcon_core.package_identification:_identify(.) by extension 'cmake'
[0.087s] Level 1:colcon.colcon_core.package_identification:_identify(.) by extension 'python'
[0.087s] Level 1:colcon.colcon_core.package_identification:_identify(.) by extensions ['python_setup_py']
[0.087s] Level 1:colcon.colcon_core.package_identification:_identify(.) by extension 'python_setup_py'
[0.087s] Level 1:colcon.colcon_core.package_identification:_identify(build) by extensions ['ignore', 'ignore_ament_install']
[0.087s] Level 1:colcon.colcon_core.package_identification:_identify(build) by extension 'ignore'
[0.087s] Level 1:colcon.colcon_core.package_identification:_identify(build) ignored
[0.087s] Level 1:colcon.colcon_core.package_identification:_identify(install) by extensions ['ignore', 'ignore_ament_install']
[0.087s] Level 1:colcon.colcon_core.package_identification:_identify(install) by extension 'ignore'
[0.087s] Level 1:colcon.colcon_core.package_identification:_identify(install) ignored
[0.087s] Level 1:colcon.colcon_core.package_identification:_identify(log) by extensions ['ignore', 'ignore_ament_install']
[0.087s] Level 1:colcon.colcon_core.package_identification:_identify(log) by extension 'ignore'
[0.087s] Level 1:colcon.colcon_core.package_identification:_identify(log) ignored
[0.087s] Level 1:colcon.colcon_core.package_identification:_identify(src) by extensions ['ignore', 'ignore_ament_install']
[0.087s] Level 1:colcon.colcon_core.package_identification:_identify(src) by extension 'ignore'
[0.087s] Level 1:colcon.colcon_core.package_identification:_identify(src) by extension 'ignore_ament_install'
[0.087s] Level 1:colcon.colcon_core.package_identification:_identify(src) by extensions ['colcon_pkg']
[0.087s] Level 1:colcon.colcon_core.package_identification:_identify(src) by extension 'colcon_pkg'
[0.087s] Level 1:colcon.colcon_core.package_identification:_identify(src) by extensions ['colcon_meta']
[0.087s] Level 1:colcon.colcon_core.package_identification:_identify(src) by extension 'colcon_meta'
[0.087s] Level 1:colcon.colcon_core.package_identification:_identify(src) by extensions ['ros']
[0.087s] Level 1:colcon.colcon_core.package_identification:_identify(src) by extension 'ros'
[0.087s] Level 1:colcon.colcon_core.package_identification:_identify(src) by extensions ['cmake', 'python']
[0.087s] Level 1:colcon.colcon_core.package_identification:_identify(src) by extension 'cmake'
[0.087s] Level 1:colcon.colcon_core.package_identification:_identify(src) by extension 'python'
[0.087s] Level 1:colcon.colcon_core.package_identification:_identify(src) by extensions ['python_setup_py']
[0.087s] Level 1:colcon.colcon_core.package_identification:_identify(src) by extension 'python_setup_py'
[0.088s] Level 1:colcon.colcon_core.package_identification:_identify(src/hybrid_astar_planner) by extensions ['ignore', 'ignore_ament_install']
[0.088s] Level 1:colcon.colcon_core.package_identification:_identify(src/hybrid_astar_planner) by extension 'ignore'
[0.088s] Level 1:colcon.colcon_core.package_identification:_identify(src/hybrid_astar_planner) by extension 'ignore_ament_install'
[0.088s] Level 1:colcon.colcon_core.package_identification:_identify(src/hybrid_astar_planner) by extensions ['colcon_pkg']
[0.088s] Level 1:colcon.colcon_core.package_identification:_identify(src/hybrid_astar_planner) by extension 'colcon_pkg'
[0.088s] Level 1:colcon.colcon_core.package_identification:_identify(src/hybrid_astar_planner) by extensions ['colcon_meta']
[0.088s] Level 1:colcon.colcon_core.package_identification:_identify(src/hybrid_astar_planner) by extension 'colcon_meta'
[0.088s] Level 1:colcon.colcon_core.package_identification:_identify(src/hybrid_astar_planner) by extensions ['ros']
[0.088s] Level 1:colcon.colcon_core.package_identification:_identify(src/hybrid_astar_planner) by extension 'ros'
[0.089s] DEBUG:colcon.colcon_core.package_identification:Package 'src/hybrid_astar_planner' with type 'ros.ament_python' and name 'hybrid_astar_planner'
[0.089s] Level 1:colcon.colcon_core.package_identification:_identify(src/install) by extensions ['ignore', 'ignore_ament_install']
[0.089s] Level 1:colcon.colcon_core.package_identification:_identify(src/install) by extension 'ignore'
[0.089s] Level 1:colcon.colcon_core.package_identification:_identify(src/install) ignored
[0.089s] Level 1:colcon.colcon_core.package_identification:_identify(src/log) by extensions ['ignore', 'ignore_ament_install']
[0.089s] Level 1:colcon.colcon_core.package_identification:_identify(src/log) by extension 'ignore'
[0.089s] Level 1:colcon.colcon_core.package_identification:_identify(src/log) ignored
[0.089s] Level 1:colcon.colcon_core.package_identification:_identify(src/my_robot_description) by extensions ['ignore', 'ignore_ament_install']
[0.089s] Level 1:colcon.colcon_core.package_identification:_identify(src/my_robot_description) by extension 'ignore'
[0.089s] Level 1:colcon.colcon_core.package_identification:_identify(src/my_robot_description) by extension 'ignore_ament_install'
[0.089s] Level 1:colcon.colcon_core.package_identification:_identify(src/my_robot_description) by extensions ['colcon_pkg']
[0.089s] Level 1:colcon.colcon_core.package_identification:_identify(src/my_robot_description) by extension 'colcon_pkg'
[0.089s] Level 1:colcon.colcon_core.package_identification:_identify(src/my_robot_description) by extensions ['colcon_meta']
[0.089s] Level 1:colcon.colcon_core.package_identification:_identify(src/my_robot_description) by extension 'colcon_meta'
[0.089s] Level 1:colcon.colcon_core.package_identification:_identify(src/my_robot_description) by extensions ['ros']
[0.089s] Level 1:colcon.colcon_core.package_identification:_identify(src/my_robot_description) by extension 'ros'
[0.089s] DEBUG:colcon.colcon_core.package_identification:Package 'src/my_robot_description' with type 'ros.ament_python' and name 'my_robot_description'
[0.089s] Level 1:colcon.colcon_core.package_discovery:discover_packages(recursive) using defaults
[0.090s] Level 1:colcon.colcon_core.package_discovery:discover_packages(ignore) discover
[0.090s] Level 1:colcon.colcon_core.package_discovery:discover_packages(ignore) using defaults
[0.090s] Level 1:colcon.colcon_core.package_discovery:discover_packages(path) discover
[0.090s] Level 1:colcon.colcon_core.package_discovery:discover_packages(path) using defaults
[0.099s] INFO:colcon.colcon_core.package_selection:Skipping not selected package 'hybrid_astar_planner' in 'src/hybrid_astar_planner'
[0.099s] Level 1:colcon.colcon_core.package_discovery:discover_packages(prefix_path) check parameters
[0.099s] Level 1:colcon.colcon_core.package_discovery:discover_packages(prefix_path) discover
[0.099s] WARNING:colcon.colcon_ros.prefix_path.ament:The path '/home/nga/robot_social_pathfinding/my_ws/install/my_robot_description' in the environment variable AMENT_PREFIX_PATH doesn't exist
[0.099s] WARNING:colcon.colcon_ros.prefix_path.ament:The path '/home/nga/robot_social_pathfinding/my_ws/install/hybrid_astar_planner' in the environment variable AMENT_PREFIX_PATH doesn't exist
[0.100s] DEBUG:colcon.colcon_installed_package_information.package_discovery:Found 0 installed packages in /home/nga/robot_social_pathfinding/my_ws/install
[0.100s] DEBUG:colcon.colcon_installed_package_information.package_discovery:Found 392 installed packages in /opt/ros/jazzy
[0.102s] Level 1:colcon.colcon_core.package_discovery:discover_packages(prefix_path) using defaults
[0.127s] Level 5:colcon.colcon_core.verb:set package 'my_robot_description' build argument 'cmake_args' from command line to 'None'
[0.127s] Level 5:colcon.colcon_core.verb:set package 'my_robot_description' build argument 'cmake_target' from command line to 'None'
[0.127s] Level 5:colcon.colcon_core.verb:set package 'my_robot_description' build argument 'cmake_target_skip_unavailable' from command line to 'False'
[0.127s] Level 5:colcon.colcon_core.verb:set package 'my_robot_description' build argument 'cmake_clean_cache' from command line to 'False'
[0.127s] Level 5:colcon.colcon_core.verb:set package 'my_robot_description' build argument 'cmake_clean_first' from command line to 'False'
[0.127s] Level 5:colcon.colcon_core.verb:set package 'my_robot_description' build argument 'cmake_force_configure' from command line to 'False'
[0.127s] Level 5:colcon.colcon_core.verb:set package 'my_robot_description' build argument 'ament_cmake_args' from command line to 'None'
[0.127s] Level 5:colcon.colcon_core.verb:set package 'my_robot_description' build argument 'catkin_cmake_args' from command line to 'None'
[0.127s] Level 5:colcon.colcon_core.verb:set package 'my_robot_description' build argument 'catkin_skip_building_tests' from command line to 'False'
[0.127s] DEBUG:colcon.colcon_core.verb:Building package 'my_robot_description' with the following arguments: {'ament_cmake_args': None, 'build_base': '/home/nga/robot_social_pathfinding/my_ws/build/my_robot_description', 'catkin_cmake_args': None, 'catkin_skip_building_tests': False, 'cmake_args': None, 'cmake_clean_cache': False, 'cmake_clean_first': False, 'cmake_force_configure': False, 'cmake_target': None, 'cmake_target_skip_unavailable': False, 'install_base': '/home/nga/robot_social_pathfinding/my_ws/install/my_robot_description', 'merge_install': False, 'path': '/home/nga/robot_social_pathfinding/my_ws/src/my_robot_description', 'symlink_install': True, 'test_result_base': None}
[0.127s] INFO:colcon.colcon_core.executor:Executing jobs using 'parallel' executor
[0.128s] DEBUG:colcon.colcon_parallel_executor.executor.parallel:run_until_complete
[0.128s] INFO:colcon.colcon_ros.task.ament_python.build:Building ROS package in '/home/nga/robot_social_pathfinding/my_ws/src/my_robot_description' with build type 'ament_python'
[0.129s] Level 1:colcon.colcon_core.shell:create_environment_hook('my_robot_description', 'ament_prefix_path')
[0.130s] INFO:colcon.colcon_core.plugin_system:Skipping extension 'colcon_core.shell.bat': Not used on non-Windows systems
[0.130s] INFO:colcon.colcon_core.shell:Creating environment hook '/home/nga/robot_social_pathfinding/my_ws/install/my_robot_description/share/my_robot_description/hook/ament_prefix_path.ps1'
[0.130s] INFO:colcon.colcon_core.shell:Creating environment descriptor '/home/nga/robot_social_pathfinding/my_ws/install/my_robot_description/share/my_robot_description/hook/ament_prefix_path.dsv'
[0.130s] INFO:colcon.colcon_core.shell:Creating environment hook '/home/nga/robot_social_pathfinding/my_ws/install/my_robot_description/share/my_robot_description/hook/ament_prefix_path.sh'
[0.131s] INFO:colcon.colcon_core.shell:Skip shell extension 'powershell' for command environment: Not usable outside of PowerShell
[0.131s] DEBUG:colcon.colcon_core.shell:Skip shell extension 'dsv' for command environment
[0.254s] INFO:colcon.colcon_core.task.python.build:Building Python package in '/home/nga/robot_social_pathfinding/my_ws/src/my_robot_description'
[0.254s] INFO:colcon.colcon_core.shell:Skip shell extension 'powershell' for command environment: Not usable outside of PowerShell
[0.254s] DEBUG:colcon.colcon_core.shell:Skip shell extension 'dsv' for command environment
[0.582s] DEBUG:colcon.colcon_core.event_handler.log_command:Invoking command in '/home/nga/robot_social_pathfinding/my_ws/build/my_robot_description': DEBUGINFOD_URLS=https://debuginfod.ubuntu.com PYTHONPATH=/home/nga/robot_social_pathfinding/my_ws/build/my_robot_description/prefix_override:/usr/lib/python3/dist-packages/colcon_core/task/python/colcon_distutils_commands:/home/nga/robot_social_pathfinding/my_ws/install/my_robot_description/lib/python3.12/site-packages:${PYTHONPATH} /usr/bin/python3 -W ignore:setup.py install is deprecated -W ignore:easy_install command is deprecated setup.py develop --editable --build-directory /home/nga/robot_social_pathfinding/my_ws/build/my_robot_description/build --no-deps symlink_data
[0.974s] Level 1:colcon.colcon_core.shell:create_environment_hook('my_robot_description', 'pythonpath_develop')
[0.974s] INFO:colcon.colcon_core.shell:Creating environment hook '/home/nga/robot_social_pathfinding/my_ws/build/my_robot_description/share/my_robot_description/hook/pythonpath_develop.ps1'
[0.974s] DEBUG:colcon.colcon_core.event_handler.log_command:Invoked command in '/home/nga/robot_social_pathfinding/my_ws/build/my_robot_description' returned '0': DEBUGINFOD_URLS=https://debuginfod.ubuntu.com PYTHONPATH=/home/nga/robot_social_pathfinding/my_ws/build/my_robot_description/prefix_override:/usr/lib/python3/dist-packages/colcon_core/task/python/colcon_distutils_commands:/home/nga/robot_social_pathfinding/my_ws/install/my_robot_description/lib/python3.12/site-packages:${PYTHONPATH} /usr/bin/python3 -W ignore:setup.py install is deprecated -W ignore:easy_install command is deprecated setup.py develop --editable --build-directory /home/nga/robot_social_pathfinding/my_ws/build/my_robot_description/build --no-deps symlink_data
[0.975s] INFO:colcon.colcon_core.shell:Creating environment descriptor '/home/nga/robot_social_pathfinding/my_ws/build/my_robot_description/share/my_robot_description/hook/pythonpath_develop.dsv'
[0.976s] INFO:colcon.colcon_core.shell:Creating environment hook '/home/nga/robot_social_pathfinding/my_ws/build/my_robot_description/share/my_robot_description/hook/pythonpath_develop.sh'
[0.977s] Level 1:colcon.colcon_core.environment:checking '/home/nga/robot_social_pathfinding/my_ws/install/my_robot_description' for CMake module files
[0.978s] Level 1:colcon.colcon_core.environment:checking '/home/nga/robot_social_pathfinding/my_ws/install/my_robot_description' for CMake config files
[0.978s] Level 1:colcon.colcon_core.environment:checking '/home/nga/robot_social_pathfinding/my_ws/install/my_robot_description/lib'
[0.978s] Level 1:colcon.colcon_core.environment:checking '/home/nga/robot_social_pathfinding/my_ws/install/my_robot_description/bin'
[0.978s] Level 1:colcon.colcon_core.environment:checking '/home/nga/robot_social_pathfinding/my_ws/install/my_robot_description/lib/pkgconfig/my_robot_description.pc'
[0.978s] Level 1:colcon.colcon_core.environment:checking '/home/nga/robot_social_pathfinding/my_ws/install/my_robot_description/lib/python3.12/site-packages'
[0.978s] Level 1:colcon.colcon_core.shell:create_environment_hook('my_robot_description', 'pythonpath')
[0.978s] INFO:colcon.colcon_core.shell:Creating environment hook '/home/nga/robot_social_pathfinding/my_ws/install/my_robot_description/share/my_robot_description/hook/pythonpath.ps1'
[0.979s] INFO:colcon.colcon_core.shell:Creating environment descriptor '/home/nga/robot_social_pathfinding/my_ws/install/my_robot_description/share/my_robot_description/hook/pythonpath.dsv'
[0.979s] INFO:colcon.colcon_core.shell:Creating environment hook '/home/nga/robot_social_pathfinding/my_ws/install/my_robot_description/share/my_robot_description/hook/pythonpath.sh'
[0.979s] Level 1:colcon.colcon_core.environment:checking '/home/nga/robot_social_pathfinding/my_ws/install/my_robot_description/bin'
[0.979s] Level 1:colcon.colcon_core.environment:create_environment_scripts_only(my_robot_description)
[0.980s] INFO:colcon.colcon_core.shell:Creating package script '/home/nga/robot_social_pathfinding/my_ws/install/my_robot_description/share/my_robot_description/package.ps1'
[0.980s] INFO:colcon.colcon_core.shell:Creating package descriptor '/home/nga/robot_social_pathfinding/my_ws/install/my_robot_description/share/my_robot_description/package.dsv'
[0.980s] INFO:colcon.colcon_core.shell:Creating package script '/home/nga/robot_social_pathfinding/my_ws/install/my_robot_description/share/my_robot_description/package.sh'
[0.980s] INFO:colcon.colcon_core.shell:Creating package script '/home/nga/robot_social_pathfinding/my_ws/install/my_robot_description/share/my_robot_description/package.bash'
[0.981s] INFO:colcon.colcon_core.shell:Creating package script '/home/nga/robot_social_pathfinding/my_ws/install/my_robot_description/share/my_robot_description/package.zsh'
[0.981s] Level 1:colcon.colcon_core.environment:create_file_with_runtime_dependencies(/home/nga/robot_social_pathfinding/my_ws/install/my_robot_description/share/colcon-core/packages/my_robot_description)
[0.981s] DEBUG:colcon.colcon_parallel_executor.executor.parallel:closing loop
[0.982s] DEBUG:colcon.colcon_parallel_executor.executor.parallel:loop closed
[0.982s] DEBUG:colcon.colcon_parallel_executor.executor.parallel:run_until_complete finished with '0'
[0.982s] DEBUG:colcon.colcon_core.event_reactor:joining thread
[0.986s] INFO:colcon.colcon_core.plugin_system:Skipping extension 'colcon_notification.desktop_notification.terminal_notifier': Not used on non-Darwin systems
[0.986s] INFO:colcon.colcon_core.plugin_system:Skipping extension 'colcon_notification.desktop_notification.win32': Not used on non-Windows systems
[0.986s] INFO:colcon.colcon_notification.desktop_notification:Sending desktop notification using 'notify2'
[0.996s] DEBUG:colcon.colcon_core.event_reactor:joined thread
[0.996s] INFO:colcon.colcon_core.shell:Creating prefix script '/home/nga/robot_social_pathfinding/my_ws/install/local_setup.ps1'
[0.997s] INFO:colcon.colcon_core.shell:Creating prefix util module '/home/nga/robot_social_pathfinding/my_ws/install/_local_setup_util_ps1.py'
[0.998s] INFO:colcon.colcon_core.shell:Creating prefix chain script '/home/nga/robot_social_pathfinding/my_ws/install/setup.ps1'
[0.998s] INFO:colcon.colcon_core.shell:Creating prefix script '/home/nga/robot_social_pathfinding/my_ws/install/local_setup.sh'
[0.998s] INFO:colcon.colcon_core.shell:Creating prefix util module '/home/nga/robot_social_pathfinding/my_ws/install/_local_setup_util_sh.py'
[0.999s] INFO:colcon.colcon_core.shell:Creating prefix chain script '/home/nga/robot_social_pathfinding/my_ws/install/setup.sh'
[0.999s] INFO:colcon.colcon_core.shell:Creating prefix script '/home/nga/robot_social_pathfinding/my_ws/install/local_setup.bash'
[0.999s] INFO:colcon.colcon_core.shell:Creating prefix chain script '/home/nga/robot_social_pathfinding/my_ws/install/setup.bash'
[1.000s] INFO:colcon.colcon_core.shell:Creating prefix script '/home/nga/robot_social_pathfinding/my_ws/install/local_setup.zsh'
[1.000s] INFO:colcon.colcon_core.shell:Creating prefix chain script '/home/nga/robot_social_pathfinding/my_ws/install/setup.zsh'
