[0.608s] Invoking command in '/home/nga/robot_social_pathfinding/my_ws/src/my_robot_description': DEBUGINFOD_URLS=https://debuginfod.ubuntu.com PYTHONPATH=/home/nga/robot_social_pathfinding/my_ws/src/build/my_robot_description/prefix_override:/usr/lib/python3/dist-packages/colcon_core/task/python/colcon_distutils_commands:/home/nga/robot_social_pathfinding/my_ws/src/install/my_robot_description/lib/python3.12/site-packages:${PYTHONPATH} /usr/bin/python3 -W ignore:setup.py install is deprecated -W ignore:easy_install command is deprecated setup.py egg_info --egg-base ../build/my_robot_description build --build-base /home/nga/robot_social_pathfinding/my_ws/src/build/my_robot_description/build install --record /home/nga/robot_social_pathfinding/my_ws/src/build/my_robot_description/install.log --single-version-externally-managed install_data
[0.758s] running egg_info
[0.759s] creating ../build/my_robot_description/my_robot_description.egg-info
[0.769s] writing ../build/my_robot_description/my_robot_description.egg-info/PKG-INFO
[0.769s] writing dependency_links to ../build/my_robot_description/my_robot_description.egg-info/dependency_links.txt
[0.769s] writing entry points to ../build/my_robot_description/my_robot_description.egg-info/entry_points.txt
[0.769s] writing requirements to ../build/my_robot_description/my_robot_description.egg-info/requires.txt
[0.769s] writing top-level names to ../build/my_robot_description/my_robot_description.egg-info/top_level.txt
[0.769s] writing manifest file '../build/my_robot_description/my_robot_description.egg-info/SOURCES.txt'
[0.789s] reading manifest file '../build/my_robot_description/my_robot_description.egg-info/SOURCES.txt'
[0.790s] writing manifest file '../build/my_robot_description/my_robot_description.egg-info/SOURCES.txt'
[0.790s] running build
[0.790s] running build_py
[0.790s] creating /home/nga/robot_social_pathfinding/my_ws/src/build/my_robot_description/build
[0.790s] creating /home/nga/robot_social_pathfinding/my_ws/src/build/my_robot_description/build/lib
[0.790s] creating /home/nga/robot_social_pathfinding/my_ws/src/build/my_robot_description/build/lib/my_robot_description
[0.790s] copying my_robot_description/social_costmap_node.py -> /home/nga/robot_social_pathfinding/my_ws/src/build/my_robot_description/build/lib/my_robot_description
[0.790s] copying my_robot_description/human_fusion_node.py -> /home/nga/robot_social_pathfinding/my_ws/src/build/my_robot_description/build/lib/my_robot_description
[0.790s] copying my_robot_description/__init__.py -> /home/nga/robot_social_pathfinding/my_ws/src/build/my_robot_description/build/lib/my_robot_description
[0.790s] copying my_robot_description/human_node.py -> /home/nga/robot_social_pathfinding/my_ws/src/build/my_robot_description/build/lib/my_robot_description
[0.790s] copying my_robot_description/global_costmap_node.py -> /home/nga/robot_social_pathfinding/my_ws/src/build/my_robot_description/build/lib/my_robot_description
[0.790s] running install
[0.794s] running install_lib
[0.805s] creating /home/nga/robot_social_pathfinding/my_ws/src/install/my_robot_description/lib/python3.12/site-packages/my_robot_description
[0.805s] copying /home/nga/robot_social_pathfinding/my_ws/src/build/my_robot_description/build/lib/my_robot_description/social_costmap_node.py -> /home/nga/robot_social_pathfinding/my_ws/src/install/my_robot_description/lib/python3.12/site-packages/my_robot_description
[0.805s] copying /home/nga/robot_social_pathfinding/my_ws/src/build/my_robot_description/build/lib/my_robot_description/human_fusion_node.py -> /home/nga/robot_social_pathfinding/my_ws/src/install/my_robot_description/lib/python3.12/site-packages/my_robot_description
[0.805s] copying /home/nga/robot_social_pathfinding/my_ws/src/build/my_robot_description/build/lib/my_robot_description/__init__.py -> /home/nga/robot_social_pathfinding/my_ws/src/install/my_robot_description/lib/python3.12/site-packages/my_robot_description
[0.805s] copying /home/nga/robot_social_pathfinding/my_ws/src/build/my_robot_description/build/lib/my_robot_description/human_node.py -> /home/nga/robot_social_pathfinding/my_ws/src/install/my_robot_description/lib/python3.12/site-packages/my_robot_description
[0.805s] copying /home/nga/robot_social_pathfinding/my_ws/src/build/my_robot_description/build/lib/my_robot_description/global_costmap_node.py -> /home/nga/robot_social_pathfinding/my_ws/src/install/my_robot_description/lib/python3.12/site-packages/my_robot_description
[0.806s] byte-compiling /home/nga/robot_social_pathfinding/my_ws/src/install/my_robot_description/lib/python3.12/site-packages/my_robot_description/social_costmap_node.py to social_costmap_node.cpython-312.pyc
[0.806s] byte-compiling /home/nga/robot_social_pathfinding/my_ws/src/install/my_robot_description/lib/python3.12/site-packages/my_robot_description/human_fusion_node.py to human_fusion_node.cpython-312.pyc
[0.807s] byte-compiling /home/nga/robot_social_pathfinding/my_ws/src/install/my_robot_description/lib/python3.12/site-packages/my_robot_description/__init__.py to __init__.cpython-312.pyc
[0.807s] byte-compiling /home/nga/robot_social_pathfinding/my_ws/src/install/my_robot_description/lib/python3.12/site-packages/my_robot_description/human_node.py to human_node.cpython-312.pyc
[0.808s] byte-compiling /home/nga/robot_social_pathfinding/my_ws/src/install/my_robot_description/lib/python3.12/site-packages/my_robot_description/global_costmap_node.py to global_costmap_node.cpython-312.pyc
[0.808s] running install_data
[0.808s] creating /home/nga/robot_social_pathfinding/my_ws/src/install/my_robot_description/share/ament_index
[0.808s] creating /home/nga/robot_social_pathfinding/my_ws/src/install/my_robot_description/share/ament_index/resource_index
[0.808s] creating /home/nga/robot_social_pathfinding/my_ws/src/install/my_robot_description/share/ament_index/resource_index/packages
[0.808s] copying resource/my_robot_description -> /home/nga/robot_social_pathfinding/my_ws/src/install/my_robot_description/share/ament_index/resource_index/packages
[0.808s] copying package.xml -> /home/nga/robot_social_pathfinding/my_ws/src/install/my_robot_description/share/my_robot_description
[0.809s] creating /home/nga/robot_social_pathfinding/my_ws/src/install/my_robot_description/share/my_robot_description/launch
[0.809s] copying launch/start_robot.launch.py -> /home/nga/robot_social_pathfinding/my_ws/src/install/my_robot_description/share/my_robot_description/launch
[0.809s] creating /home/nga/robot_social_pathfinding/my_ws/src/install/my_robot_description/share/my_robot_description/robot_description
[0.809s] copying robot_description/robot_control.xacro -> /home/nga/robot_social_pathfinding/my_ws/src/install/my_robot_description/share/my_robot_description/robot_description
[0.809s] copying robot_description/robot.urdf.xacro -> /home/nga/robot_social_pathfinding/my_ws/src/install/my_robot_description/share/my_robot_description/robot_description
[0.809s] copying robot_description/camera.xacro -> /home/nga/robot_social_pathfinding/my_ws/src/install/my_robot_description/share/my_robot_description/robot_description
[0.809s] copying robot_description/depth_camera.xacro -> /home/nga/robot_social_pathfinding/my_ws/src/install/my_robot_description/share/my_robot_description/robot_description
[0.809s] copying robot_description/imu.xacro -> /home/nga/robot_social_pathfinding/my_ws/src/install/my_robot_description/share/my_robot_description/robot_description
[0.809s] copying robot_description/robot_core.xacro -> /home/nga/robot_social_pathfinding/my_ws/src/install/my_robot_description/share/my_robot_description/robot_description
[0.809s] copying robot_description/lidar.xacro -> /home/nga/robot_social_pathfinding/my_ws/src/install/my_robot_description/share/my_robot_description/robot_description
[0.809s] copying robot_description/inertial_macros.xacro -> /home/nga/robot_social_pathfinding/my_ws/src/install/my_robot_description/share/my_robot_description/robot_description
[0.809s] creating /home/nga/robot_social_pathfinding/my_ws/src/install/my_robot_description/share/my_robot_description/worlds
[0.809s] copying worlds/maze_world.sdf -> /home/nga/robot_social_pathfinding/my_ws/src/install/my_robot_description/share/my_robot_description/worlds
[0.809s] creating /home/nga/robot_social_pathfinding/my_ws/src/install/my_robot_description/share/my_robot_description/rviz
[0.809s] copying rviz/my_robot.rviz -> /home/nga/robot_social_pathfinding/my_ws/src/install/my_robot_description/share/my_robot_description/rviz
[0.809s] creating /home/nga/robot_social_pathfinding/my_ws/src/install/my_robot_description/share/my_robot_description/config
[0.809s] copying config/mapper_params_online_async.yaml -> /home/nga/robot_social_pathfinding/my_ws/src/install/my_robot_description/share/my_robot_description/config
[0.809s] copying config/ekf.yaml -> /home/nga/robot_social_pathfinding/my_ws/src/install/my_robot_description/share/my_robot_description/config
[0.809s] running install_egg_info
[0.820s] Copying ../build/my_robot_description/my_robot_description.egg-info to /home/nga/robot_social_pathfinding/my_ws/src/install/my_robot_description/lib/python3.12/site-packages/my_robot_description-0.0.0-py3.12.egg-info
[0.821s] running install_scripts
[0.891s] Installing global_costmap script to /home/nga/robot_social_pathfinding/my_ws/src/install/my_robot_description/lib/my_robot_description
[0.891s] Installing human_fusion script to /home/nga/robot_social_pathfinding/my_ws/src/install/my_robot_description/lib/my_robot_description
[0.891s] Installing human_node script to /home/nga/robot_social_pathfinding/my_ws/src/install/my_robot_description/lib/my_robot_description
[0.891s] Installing social_costmap script to /home/nga/robot_social_pathfinding/my_ws/src/install/my_robot_description/lib/my_robot_description
[0.891s] writing list of installed files to '/home/nga/robot_social_pathfinding/my_ws/src/build/my_robot_description/install.log'
[0.919s] Invoked command in '/home/nga/robot_social_pathfinding/my_ws/src/my_robot_description' returned '0': DEBUGINFOD_URLS=https://debuginfod.ubuntu.com PYTHONPATH=/home/nga/robot_social_pathfinding/my_ws/src/build/my_robot_description/prefix_override:/usr/lib/python3/dist-packages/colcon_core/task/python/colcon_distutils_commands:/home/nga/robot_social_pathfinding/my_ws/src/install/my_robot_description/lib/python3.12/site-packages:${PYTHONPATH} /usr/bin/python3 -W ignore:setup.py install is deprecated -W ignore:easy_install command is deprecated setup.py egg_info --egg-base ../build/my_robot_description build --build-base /home/nga/robot_social_pathfinding/my_ws/src/build/my_robot_description/build install --record /home/nga/robot_social_pathfinding/my_ws/src/build/my_robot_description/install.log --single-version-externally-managed install_data
