[0.606s] Invoking command in '/home/nga/robot_social_pathfinding/my_ws/src/hybrid_astar_planner': DEBUGINFOD_URLS=https://debuginfod.ubuntu.com PYTHONPATH=/home/nga/robot_social_pathfinding/my_ws/build/hybrid_astar_planner/prefix_override:/usr/lib/python3/dist-packages/colcon_core/task/python/colcon_distutils_commands:/home/nga/robot_social_pathfinding/my_ws/install/hybrid_astar_planner/lib/python3.12/site-packages:${PYTHONPATH} /usr/bin/python3 -W ignore:setup.py install is deprecated -W ignore:easy_install command is deprecated setup.py egg_info --egg-base ../../build/hybrid_astar_planner build --build-base /home/nga/robot_social_pathfinding/my_ws/build/hybrid_astar_planner/build install --record /home/nga/robot_social_pathfinding/my_ws/build/hybrid_astar_planner/install.log --single-version-externally-managed install_data
[0.758s] running egg_info
[0.768s] writing ../../build/hybrid_astar_planner/hybrid_astar_planner.egg-info/PKG-INFO
[0.768s] writing dependency_links to ../../build/hybrid_astar_planner/hybrid_astar_planner.egg-info/dependency_links.txt
[0.768s] writing entry points to ../../build/hybrid_astar_planner/hybrid_astar_planner.egg-info/entry_points.txt
[0.768s] writing requirements to ../../build/hybrid_astar_planner/hybrid_astar_planner.egg-info/requires.txt
[0.768s] writing top-level names to ../../build/hybrid_astar_planner/hybrid_astar_planner.egg-info/top_level.txt
[0.787s] reading manifest file '../../build/hybrid_astar_planner/hybrid_astar_planner.egg-info/SOURCES.txt'
[0.787s] writing manifest file '../../build/hybrid_astar_planner/hybrid_astar_planner.egg-info/SOURCES.txt'
[0.788s] running build
[0.788s] running build_py
[0.788s] running install
[0.791s] running install_lib
[0.801s] running install_data
[0.801s] running install_egg_info
[0.813s] removing '/home/nga/robot_social_pathfinding/my_ws/install/hybrid_astar_planner/lib/python3.12/site-packages/hybrid_astar_planner-0.0.0-py3.12.egg-info' (and everything under it)
[0.813s] Copying ../../build/hybrid_astar_planner/hybrid_astar_planner.egg-info to /home/nga/robot_social_pathfinding/my_ws/install/hybrid_astar_planner/lib/python3.12/site-packages/hybrid_astar_planner-0.0.0-py3.12.egg-info
[0.814s] running install_scripts
[0.878s] Installing planner_node script to /home/nga/robot_social_pathfinding/my_ws/install/hybrid_astar_planner/lib/hybrid_astar_planner
[0.878s] Installing pure_pursuit script to /home/nga/robot_social_pathfinding/my_ws/install/hybrid_astar_planner/lib/hybrid_astar_planner
[0.878s] Installing teb_controller script to /home/nga/robot_social_pathfinding/my_ws/install/hybrid_astar_planner/lib/hybrid_astar_planner
[0.878s] writing list of installed files to '/home/nga/robot_social_pathfinding/my_ws/build/hybrid_astar_planner/install.log'
[0.909s] Invoked command in '/home/nga/robot_social_pathfinding/my_ws/src/hybrid_astar_planner' returned '0': DEBUGINFOD_URLS=https://debuginfod.ubuntu.com PYTHONPATH=/home/nga/robot_social_pathfinding/my_ws/build/hybrid_astar_planner/prefix_override:/usr/lib/python3/dist-packages/colcon_core/task/python/colcon_distutils_commands:/home/nga/robot_social_pathfinding/my_ws/install/hybrid_astar_planner/lib/python3.12/site-packages:${PYTHONPATH} /usr/bin/python3 -W ignore:setup.py install is deprecated -W ignore:easy_install command is deprecated setup.py egg_info --egg-base ../../build/hybrid_astar_planner build --build-base /home/nga/robot_social_pathfinding/my_ws/build/hybrid_astar_planner/build install --record /home/nga/robot_social_pathfinding/my_ws/build/hybrid_astar_planner/install.log --single-version-externally-managed install_data
