running egg_info
writing ../../build/my_robot_description/my_robot_description.egg-info/PKG-INFO
writing dependency_links to ../../build/my_robot_description/my_robot_description.egg-info/dependency_links.txt
writing entry points to ../../build/my_robot_description/my_robot_description.egg-info/entry_points.txt
writing requirements to ../../build/my_robot_description/my_robot_description.egg-info/requires.txt
writing top-level names to ../../build/my_robot_description/my_robot_description.egg-info/top_level.txt
reading manifest file '../../build/my_robot_description/my_robot_description.egg-info/SOURCES.txt'
writing manifest file '../../build/my_robot_description/my_robot_description.egg-info/SOURCES.txt'
running build
running build_py
copying my_robot_description/social_costmap_node.py -> /home/nga/robot_social_pathfinding/my_ws/build/my_robot_description/build/lib/my_robot_description
running install
running install_lib
copying /home/nga/robot_social_pathfinding/my_ws/build/my_robot_description/build/lib/my_robot_description/social_costmap_node.py -> /home/nga/robot_social_pathfinding/my_ws/install/my_robot_description/lib/python3.12/site-packages/my_robot_description
byte-compiling /home/nga/robot_social_pathfinding/my_ws/install/my_robot_description/lib/python3.12/site-packages/my_robot_description/social_costmap_node.py to social_costmap_node.cpython-312.pyc
running install_data
running install_egg_info
removing '/home/nga/robot_social_pathfinding/my_ws/install/my_robot_description/lib/python3.12/site-packages/my_robot_description-0.0.0-py3.12.egg-info' (and everything under it)
Copying ../../build/my_robot_description/my_robot_description.egg-info to /home/nga/robot_social_pathfinding/my_ws/install/my_robot_description/lib/python3.12/site-packages/my_robot_description-0.0.0-py3.12.egg-info
running install_scripts
Installing global_costmap script to /home/nga/robot_social_pathfinding/my_ws/install/my_robot_description/lib/my_robot_description
Installing human_fusion script to /home/nga/robot_social_pathfinding/my_ws/install/my_robot_description/lib/my_robot_description
Installing human_node script to /home/nga/robot_social_pathfinding/my_ws/install/my_robot_description/lib/my_robot_description
Installing social_costmap script to /home/nga/robot_social_pathfinding/my_ws/install/my_robot_description/lib/my_robot_description
writing list of installed files to '/home/nga/robot_social_pathfinding/my_ws/build/my_robot_description/install.log'
