/home/nga/robot_social_pathfinding/my_ws/install/my_robot_description/lib/python3.12/site-packages/my_robot_description/social_costmap_node.py
/home/nga/robot_social_pathfinding/my_ws/install/my_robot_description/lib/python3.12/site-packages/my_robot_description/human_fusion_node.py
/home/nga/robot_social_pathfinding/my_ws/install/my_robot_description/lib/python3.12/site-packages/my_robot_description/__init__.py
/home/nga/robot_social_pathfinding/my_ws/install/my_robot_description/lib/python3.12/site-packages/my_robot_description/human_node.py
/home/nga/robot_social_pathfinding/my_ws/install/my_robot_description/lib/python3.12/site-packages/my_robot_description/global_costmap_node.py
/home/nga/robot_social_pathfinding/my_ws/install/my_robot_description/lib/python3.12/site-packages/my_robot_description/__pycache__/social_costmap_node.cpython-312.pyc
/home/nga/robot_social_pathfinding/my_ws/install/my_robot_description/lib/python3.12/site-packages/my_robot_description/__pycache__/human_fusion_node.cpython-312.pyc
/home/nga/robot_social_pathfinding/my_ws/install/my_robot_description/lib/python3.12/site-packages/my_robot_description/__pycache__/__init__.cpython-312.pyc
/home/nga/robot_social_pathfinding/my_ws/install/my_robot_description/lib/python3.12/site-packages/my_robot_description/__pycache__/human_node.cpython-312.pyc
/home/nga/robot_social_pathfinding/my_ws/install/my_robot_description/lib/python3.12/site-packages/my_robot_description/__pycache__/global_costmap_node.cpython-312.pyc
/home/nga/robot_social_pathfinding/my_ws/install/my_robot_description/share/ament_index/resource_index/packages/my_robot_description
/home/nga/robot_social_pathfinding/my_ws/install/my_robot_description/share/my_robot_description/package.xml
/home/nga/robot_social_pathfinding/my_ws/install/my_robot_description/share/my_robot_description/launch/start_robot.launch.py
/home/nga/robot_social_pathfinding/my_ws/install/my_robot_description/share/my_robot_description/robot_description/robot_control.xacro
/home/nga/robot_social_pathfinding/my_ws/install/my_robot_description/share/my_robot_description/robot_description/robot.urdf.xacro
/home/nga/robot_social_pathfinding/my_ws/install/my_robot_description/share/my_robot_description/robot_description/camera.xacro
/home/nga/robot_social_pathfinding/my_ws/install/my_robot_description/share/my_robot_description/robot_description/depth_camera.xacro
/home/nga/robot_social_pathfinding/my_ws/install/my_robot_description/share/my_robot_description/robot_description/imu.xacro
/home/nga/robot_social_pathfinding/my_ws/install/my_robot_description/share/my_robot_description/robot_description/robot_core.xacro
/home/nga/robot_social_pathfinding/my_ws/install/my_robot_description/share/my_robot_description/robot_description/lidar.xacro
/home/nga/robot_social_pathfinding/my_ws/install/my_robot_description/share/my_robot_description/robot_description/inertial_macros.xacro
/home/nga/robot_social_pathfinding/my_ws/install/my_robot_description/share/my_robot_description/worlds/maze_world.sdf
/home/nga/robot_social_pathfinding/my_ws/install/my_robot_description/share/my_robot_description/rviz/my_robot.rviz
/home/nga/robot_social_pathfinding/my_ws/install/my_robot_description/share/my_robot_description/config/mapper_params_online_async.yaml
/home/nga/robot_social_pathfinding/my_ws/install/my_robot_description/share/my_robot_description/config/ekf.yaml
/home/nga/robot_social_pathfinding/my_ws/install/my_robot_description/lib/python3.12/site-packages/my_robot_description-0.0.0-py3.12.egg-info/requires.txt
/home/nga/robot_social_pathfinding/my_ws/install/my_robot_description/lib/python3.12/site-packages/my_robot_description-0.0.0-py3.12.egg-info/SOURCES.txt
/home/nga/robot_social_pathfinding/my_ws/install/my_robot_description/lib/python3.12/site-packages/my_robot_description-0.0.0-py3.12.egg-info/PKG-INFO
/home/nga/robot_social_pathfinding/my_ws/install/my_robot_description/lib/python3.12/site-packages/my_robot_description-0.0.0-py3.12.egg-info/entry_points.txt
/home/nga/robot_social_pathfinding/my_ws/install/my_robot_description/lib/python3.12/site-packages/my_robot_description-0.0.0-py3.12.egg-info/zip-safe
/home/nga/robot_social_pathfinding/my_ws/install/my_robot_description/lib/python3.12/site-packages/my_robot_description-0.0.0-py3.12.egg-info/top_level.txt
/home/nga/robot_social_pathfinding/my_ws/install/my_robot_description/lib/python3.12/site-packages/my_robot_description-0.0.0-py3.12.egg-info/dependency_links.txt
/home/nga/robot_social_pathfinding/my_ws/install/my_robot_description/lib/my_robot_description/global_costmap
/home/nga/robot_social_pathfinding/my_ws/install/my_robot_description/lib/my_robot_description/human_fusion
/home/nga/robot_social_pathfinding/my_ws/install/my_robot_description/lib/my_robot_description/human_node
/home/nga/robot_social_pathfinding/my_ws/install/my_robot_description/lib/my_robot_description/social_costmap
