[0.603s] Invoking command in '/home/nga/robot_social_pathfinding/my_ws/src/hybrid_astar_planner': DEBUGINFOD_URLS=https://debuginfod.ubuntu.com PYTHONPATH=/home/nga/robot_social_pathfinding/my_ws/src/build/hybrid_astar_planner/prefix_override:/usr/lib/python3/dist-packages/colcon_core/task/python/colcon_distutils_commands:/home/nga/robot_social_pathfinding/my_ws/src/install/hybrid_astar_planner/lib/python3.12/site-packages:${PYTHONPATH} /usr/bin/python3 -W ignore:setup.py install is deprecated -W ignore:easy_install command is deprecated setup.py egg_info --egg-base ../build/hybrid_astar_planner build --build-base /home/nga/robot_social_pathfinding/my_ws/src/build/hybrid_astar_planner/build install --record /home/nga/robot_social_pathfinding/my_ws/src/build/hybrid_astar_planner/install.log --single-version-externally-managed install_data
[0.757s] running egg_info
[0.757s] creating ../build/hybrid_astar_planner/hybrid_astar_planner.egg-info
[0.767s] writing ../build/hybrid_astar_planner/hybrid_astar_planner.egg-info/PKG-INFO
[0.767s] writing dependency_links to ../build/hybrid_astar_planner/hybrid_astar_planner.egg-info/dependency_links.txt
[0.767s] writing entry points to ../build/hybrid_astar_planner/hybrid_astar_planner.egg-info/entry_points.txt
[0.767s] writing requirements to ../build/hybrid_astar_planner/hybrid_astar_planner.egg-info/requires.txt
[0.767s] writing top-level names to ../build/hybrid_astar_planner/hybrid_astar_planner.egg-info/top_level.txt
[0.767s] writing manifest file '../build/hybrid_astar_planner/hybrid_astar_planner.egg-info/SOURCES.txt'
[0.787s] reading manifest file '../build/hybrid_astar_planner/hybrid_astar_planner.egg-info/SOURCES.txt'
[0.787s] writing manifest file '../build/hybrid_astar_planner/hybrid_astar_planner.egg-info/SOURCES.txt'
[0.787s] running build
[0.787s] running build_py
[0.788s] creating /home/nga/robot_social_pathfinding/my_ws/src/build/hybrid_astar_planner/build
[0.788s] creating /home/nga/robot_social_pathfinding/my_ws/src/build/hybrid_astar_planner/build/lib
[0.788s] creating /home/nga/robot_social_pathfinding/my_ws/src/build/hybrid_astar_planner/build/lib/hybrid_astar_planner
[0.788s] copying hybrid_astar_planner/hybrid_astar.py -> /home/nga/robot_social_pathfinding/my_ws/src/build/hybrid_astar_planner/build/lib/hybrid_astar_planner
[0.788s] copying hybrid_astar_planner/pure_pursuit.py -> /home/nga/robot_social_pathfinding/my_ws/src/build/hybrid_astar_planner/build/lib/hybrid_astar_planner
[0.788s] copying hybrid_astar_planner/teb_controller.py -> /home/nga/robot_social_pathfinding/my_ws/src/build/hybrid_astar_planner/build/lib/hybrid_astar_planner
[0.788s] copying hybrid_astar_planner/__init__.py -> /home/nga/robot_social_pathfinding/my_ws/src/build/hybrid_astar_planner/build/lib/hybrid_astar_planner
[0.788s] copying hybrid_astar_planner/planner_node.py -> /home/nga/robot_social_pathfinding/my_ws/src/build/hybrid_astar_planner/build/lib/hybrid_astar_planner
[0.788s] running install
[0.792s] running install_lib
[0.802s] creating /home/nga/robot_social_pathfinding/my_ws/src/install/hybrid_astar_planner/lib/python3.12/site-packages/hybrid_astar_planner
[0.802s] copying /home/nga/robot_social_pathfinding/my_ws/src/build/hybrid_astar_planner/build/lib/hybrid_astar_planner/hybrid_astar.py -> /home/nga/robot_social_pathfinding/my_ws/src/install/hybrid_astar_planner/lib/python3.12/site-packages/hybrid_astar_planner
[0.802s] copying /home/nga/robot_social_pathfinding/my_ws/src/build/hybrid_astar_planner/build/lib/hybrid_astar_planner/pure_pursuit.py -> /home/nga/robot_social_pathfinding/my_ws/src/install/hybrid_astar_planner/lib/python3.12/site-packages/hybrid_astar_planner
[0.802s] copying /home/nga/robot_social_pathfinding/my_ws/src/build/hybrid_astar_planner/build/lib/hybrid_astar_planner/teb_controller.py -> /home/nga/robot_social_pathfinding/my_ws/src/install/hybrid_astar_planner/lib/python3.12/site-packages/hybrid_astar_planner
[0.802s] copying /home/nga/robot_social_pathfinding/my_ws/src/build/hybrid_astar_planner/build/lib/hybrid_astar_planner/__init__.py -> /home/nga/robot_social_pathfinding/my_ws/src/install/hybrid_astar_planner/lib/python3.12/site-packages/hybrid_astar_planner
[0.802s] copying /home/nga/robot_social_pathfinding/my_ws/src/build/hybrid_astar_planner/build/lib/hybrid_astar_planner/planner_node.py -> /home/nga/robot_social_pathfinding/my_ws/src/install/hybrid_astar_planner/lib/python3.12/site-packages/hybrid_astar_planner
[0.802s] byte-compiling /home/nga/robot_social_pathfinding/my_ws/src/install/hybrid_astar_planner/lib/python3.12/site-packages/hybrid_astar_planner/hybrid_astar.py to hybrid_astar.cpython-312.pyc
[0.803s] byte-compiling /home/nga/robot_social_pathfinding/my_ws/src/install/hybrid_astar_planner/lib/python3.12/site-packages/hybrid_astar_planner/pure_pursuit.py to pure_pursuit.cpython-312.pyc
[0.804s] byte-compiling /home/nga/robot_social_pathfinding/my_ws/src/install/hybrid_astar_planner/lib/python3.12/site-packages/hybrid_astar_planner/teb_controller.py to teb_controller.cpython-312.pyc
[0.807s] byte-compiling /home/nga/robot_social_pathfinding/my_ws/src/install/hybrid_astar_planner/lib/python3.12/site-packages/hybrid_astar_planner/__init__.py to __init__.cpython-312.pyc
[0.807s] byte-compiling /home/nga/robot_social_pathfinding/my_ws/src/install/hybrid_astar_planner/lib/python3.12/site-packages/hybrid_astar_planner/planner_node.py to planner_node.cpython-312.pyc
[0.808s] running install_data
[0.808s] creating /home/nga/robot_social_pathfinding/my_ws/src/install/hybrid_astar_planner/share/ament_index
[0.808s] creating /home/nga/robot_social_pathfinding/my_ws/src/install/hybrid_astar_planner/share/ament_index/resource_index
[0.808s] creating /home/nga/robot_social_pathfinding/my_ws/src/install/hybrid_astar_planner/share/ament_index/resource_index/packages
[0.808s] copying resource/hybrid_astar_planner -> /home/nga/robot_social_pathfinding/my_ws/src/install/hybrid_astar_planner/share/ament_index/resource_index/packages
[0.808s] copying package.xml -> /home/nga/robot_social_pathfinding/my_ws/src/install/hybrid_astar_planner/share/hybrid_astar_planner
[0.808s] creating /home/nga/robot_social_pathfinding/my_ws/src/install/hybrid_astar_planner/share/hybrid_astar_planner/launch
[0.808s] copying launch/explore.launch.py -> /home/nga/robot_social_pathfinding/my_ws/src/install/hybrid_astar_planner/share/hybrid_astar_planner/launch
[0.808s] running install_egg_info
[0.820s] Copying ../build/hybrid_astar_planner/hybrid_astar_planner.egg-info to /home/nga/robot_social_pathfinding/my_ws/src/install/hybrid_astar_planner/lib/python3.12/site-packages/hybrid_astar_planner-0.0.0-py3.12.egg-info
[0.820s] running install_scripts
[0.890s] Installing planner_node script to /home/nga/robot_social_pathfinding/my_ws/src/install/hybrid_astar_planner/lib/hybrid_astar_planner
[0.890s] Installing pure_pursuit script to /home/nga/robot_social_pathfinding/my_ws/src/install/hybrid_astar_planner/lib/hybrid_astar_planner
[0.891s] Installing teb_controller script to /home/nga/robot_social_pathfinding/my_ws/src/install/hybrid_astar_planner/lib/hybrid_astar_planner
[0.891s] writing list of installed files to '/home/nga/robot_social_pathfinding/my_ws/src/build/hybrid_astar_planner/install.log'
[0.918s] Invoked command in '/home/nga/robot_social_pathfinding/my_ws/src/hybrid_astar_planner' returned '0': DEBUGINFOD_URLS=https://debuginfod.ubuntu.com PYTHONPATH=/home/nga/robot_social_pathfinding/my_ws/src/build/hybrid_astar_planner/prefix_override:/usr/lib/python3/dist-packages/colcon_core/task/python/colcon_distutils_commands:/home/nga/robot_social_pathfinding/my_ws/src/install/hybrid_astar_planner/lib/python3.12/site-packages:${PYTHONPATH} /usr/bin/python3 -W ignore:setup.py install is deprecated -W ignore:easy_install command is deprecated setup.py egg_info --egg-base ../build/hybrid_astar_planner build --build-base /home/nga/robot_social_pathfinding/my_ws/src/build/hybrid_astar_planner/build install --record /home/nga/robot_social_pathfinding/my_ws/src/build/hybrid_astar_planner/install.log --single-version-externally-managed install_data
