/home/nga/robot_social_pathfinding/my_ws/install/hybrid_astar_planner/lib/python3.12/site-packages/hybrid_astar_planner/hybrid_astar.py
/home/nga/robot_social_pathfinding/my_ws/install/hybrid_astar_planner/lib/python3.12/site-packages/hybrid_astar_planner/pure_pursuit.py
/home/nga/robot_social_pathfinding/my_ws/install/hybrid_astar_planner/lib/python3.12/site-packages/hybrid_astar_planner/teb_controller.py
/home/nga/robot_social_pathfinding/my_ws/install/hybrid_astar_planner/lib/python3.12/site-packages/hybrid_astar_planner/human_to_teb_obstacles.py
/home/nga/robot_social_pathfinding/my_ws/install/hybrid_astar_planner/lib/python3.12/site-packages/hybrid_astar_planner/publish_viapoints.py
/home/nga/robot_social_pathfinding/my_ws/install/hybrid_astar_planner/lib/python3.12/site-packages/hybrid_astar_planner/__init__.py
/home/nga/robot_social_pathfinding/my_ws/install/hybrid_astar_planner/lib/python3.12/site-packages/hybrid_astar_planner/planner_node.py
/home/nga/robot_social_pathfinding/my_ws/install/hybrid_astar_planner/lib/python3.12/site-packages/hybrid_astar_planner/__pycache__/hybrid_astar.cpython-312.pyc
/home/nga/robot_social_pathfinding/my_ws/install/hybrid_astar_planner/lib/python3.12/site-packages/hybrid_astar_planner/__pycache__/pure_pursuit.cpython-312.pyc
/home/nga/robot_social_pathfinding/my_ws/install/hybrid_astar_planner/lib/python3.12/site-packages/hybrid_astar_planner/__pycache__/teb_controller.cpython-312.pyc
/home/nga/robot_social_pathfinding/my_ws/install/hybrid_astar_planner/lib/python3.12/site-packages/hybrid_astar_planner/__pycache__/human_to_teb_obstacles.cpython-312.pyc
/home/nga/robot_social_pathfinding/my_ws/install/hybrid_astar_planner/lib/python3.12/site-packages/hybrid_astar_planner/__pycache__/publish_viapoints.cpython-312.pyc
/home/nga/robot_social_pathfinding/my_ws/install/hybrid_astar_planner/lib/python3.12/site-packages/hybrid_astar_planner/__pycache__/__init__.cpython-312.pyc
/home/nga/robot_social_pathfinding/my_ws/install/hybrid_astar_planner/lib/python3.12/site-packages/hybrid_astar_planner/__pycache__/planner_node.cpython-312.pyc
/home/nga/robot_social_pathfinding/my_ws/install/hybrid_astar_planner/share/ament_index/resource_index/packages/hybrid_astar_planner
/home/nga/robot_social_pathfinding/my_ws/install/hybrid_astar_planner/share/hybrid_astar_planner/package.xml
/home/nga/robot_social_pathfinding/my_ws/install/hybrid_astar_planner/share/hybrid_astar_planner/launch/explore.launch.py
/home/nga/robot_social_pathfinding/my_ws/install/hybrid_astar_planner/lib/python3.12/site-packages/hybrid_astar_planner-0.0.0-py3.12.egg-info/requires.txt
/home/nga/robot_social_pathfinding/my_ws/install/hybrid_astar_planner/lib/python3.12/site-packages/hybrid_astar_planner-0.0.0-py3.12.egg-info/SOURCES.txt
/home/nga/robot_social_pathfinding/my_ws/install/hybrid_astar_planner/lib/python3.12/site-packages/hybrid_astar_planner-0.0.0-py3.12.egg-info/PKG-INFO
/home/nga/robot_social_pathfinding/my_ws/install/hybrid_astar_planner/lib/python3.12/site-packages/hybrid_astar_planner-0.0.0-py3.12.egg-info/entry_points.txt
/home/nga/robot_social_pathfinding/my_ws/install/hybrid_astar_planner/lib/python3.12/site-packages/hybrid_astar_planner-0.0.0-py3.12.egg-info/zip-safe
/home/nga/robot_social_pathfinding/my_ws/install/hybrid_astar_planner/lib/python3.12/site-packages/hybrid_astar_planner-0.0.0-py3.12.egg-info/top_level.txt
/home/nga/robot_social_pathfinding/my_ws/install/hybrid_astar_planner/lib/python3.12/site-packages/hybrid_astar_planner-0.0.0-py3.12.egg-info/dependency_links.txt
/home/nga/robot_social_pathfinding/my_ws/install/hybrid_astar_planner/lib/hybrid_astar_planner/planner_node
/home/nga/robot_social_pathfinding/my_ws/install/hybrid_astar_planner/lib/hybrid_astar_planner/pure_pursuit
/home/nga/robot_social_pathfinding/my_ws/install/hybrid_astar_planner/lib/hybrid_astar_planner/teb_controller
