[0.601s] Invoking command in '/home/nga/robot_social_pathfinding/my_ws/src/hybrid_astar_planner': DEBUGINFOD_URLS=https://debuginfod.ubuntu.com PYTHONPATH=/home/nga/robot_social_pathfinding/my_ws/build/hybrid_astar_planner/prefix_override:/usr/lib/python3/dist-packages/colcon_core/task/python/colcon_distutils_commands:/home/nga/robot_social_pathfinding/my_ws/install/hybrid_astar_planner/lib/python3.12/site-packages:${PYTHONPATH} /usr/bin/python3 -W ignore:setup.py install is deprecated -W ignore:easy_install command is deprecated setup.py egg_info --egg-base ../../build/hybrid_astar_planner build --build-base /home/nga/robot_social_pathfinding/my_ws/build/hybrid_astar_planner/build install --record /home/nga/robot_social_pathfinding/my_ws/build/hybrid_astar_planner/install.log --single-version-externally-managed install_data
[0.740s] running egg_info
[0.741s] creating ../../build/hybrid_astar_planner/hybrid_astar_planner.egg-info
[0.750s] writing ../../build/hybrid_astar_planner/hybrid_astar_planner.egg-info/PKG-INFO
[0.750s] writing dependency_links to ../../build/hybrid_astar_planner/hybrid_astar_planner.egg-info/dependency_links.txt
[0.750s] writing entry points to ../../build/hybrid_astar_planner/hybrid_astar_planner.egg-info/entry_points.txt
[0.750s] writing requirements to ../../build/hybrid_astar_planner/hybrid_astar_planner.egg-info/requires.txt
[0.750s] writing top-level names to ../../build/hybrid_astar_planner/hybrid_astar_planner.egg-info/top_level.txt
[0.750s] writing manifest file '../../build/hybrid_astar_planner/hybrid_astar_planner.egg-info/SOURCES.txt'
[0.769s] reading manifest file '../../build/hybrid_astar_planner/hybrid_astar_planner.egg-info/SOURCES.txt'
[0.769s] writing manifest file '../../build/hybrid_astar_planner/hybrid_astar_planner.egg-info/SOURCES.txt'
[0.769s] running build
[0.769s] running build_py
[0.769s] creating /home/nga/robot_social_pathfinding/my_ws/build/hybrid_astar_planner/build
[0.769s] creating /home/nga/robot_social_pathfinding/my_ws/build/hybrid_astar_planner/build/lib
[0.769s] creating /home/nga/robot_social_pathfinding/my_ws/build/hybrid_astar_planner/build/lib/hybrid_astar_planner
[0.769s] copying hybrid_astar_planner/hybrid_astar.py -> /home/nga/robot_social_pathfinding/my_ws/build/hybrid_astar_planner/build/lib/hybrid_astar_planner
[0.769s] copying hybrid_astar_planner/pure_pursuit.py -> /home/nga/robot_social_pathfinding/my_ws/build/hybrid_astar_planner/build/lib/hybrid_astar_planner
[0.769s] copying hybrid_astar_planner/teb_controller.py -> /home/nga/robot_social_pathfinding/my_ws/build/hybrid_astar_planner/build/lib/hybrid_astar_planner
[0.770s] copying hybrid_astar_planner/human_to_teb_obstacles.py -> /home/nga/robot_social_pathfinding/my_ws/build/hybrid_astar_planner/build/lib/hybrid_astar_planner
[0.770s] copying hybrid_astar_planner/publish_viapoints.py -> /home/nga/robot_social_pathfinding/my_ws/build/hybrid_astar_planner/build/lib/hybrid_astar_planner
[0.770s] copying hybrid_astar_planner/__init__.py -> /home/nga/robot_social_pathfinding/my_ws/build/hybrid_astar_planner/build/lib/hybrid_astar_planner
[0.770s] copying hybrid_astar_planner/planner_node.py -> /home/nga/robot_social_pathfinding/my_ws/build/hybrid_astar_planner/build/lib/hybrid_astar_planner
[0.770s] running install
[0.773s] running install_lib
[0.783s] creating /home/nga/robot_social_pathfinding/my_ws/install/hybrid_astar_planner/lib/python3.12/site-packages/hybrid_astar_planner
[0.783s] copying /home/nga/robot_social_pathfinding/my_ws/build/hybrid_astar_planner/build/lib/hybrid_astar_planner/hybrid_astar.py -> /home/nga/robot_social_pathfinding/my_ws/install/hybrid_astar_planner/lib/python3.12/site-packages/hybrid_astar_planner
[0.783s] copying /home/nga/robot_social_pathfinding/my_ws/build/hybrid_astar_planner/build/lib/hybrid_astar_planner/pure_pursuit.py -> /home/nga/robot_social_pathfinding/my_ws/install/hybrid_astar_planner/lib/python3.12/site-packages/hybrid_astar_planner
[0.783s] copying /home/nga/robot_social_pathfinding/my_ws/build/hybrid_astar_planner/build/lib/hybrid_astar_planner/teb_controller.py -> /home/nga/robot_social_pathfinding/my_ws/install/hybrid_astar_planner/lib/python3.12/site-packages/hybrid_astar_planner
[0.783s] copying /home/nga/robot_social_pathfinding/my_ws/build/hybrid_astar_planner/build/lib/hybrid_astar_planner/human_to_teb_obstacles.py -> /home/nga/robot_social_pathfinding/my_ws/install/hybrid_astar_planner/lib/python3.12/site-packages/hybrid_astar_planner
[0.783s] copying /home/nga/robot_social_pathfinding/my_ws/build/hybrid_astar_planner/build/lib/hybrid_astar_planner/publish_viapoints.py -> /home/nga/robot_social_pathfinding/my_ws/install/hybrid_astar_planner/lib/python3.12/site-packages/hybrid_astar_planner
[0.783s] copying /home/nga/robot_social_pathfinding/my_ws/build/hybrid_astar_planner/build/lib/hybrid_astar_planner/__init__.py -> /home/nga/robot_social_pathfinding/my_ws/install/hybrid_astar_planner/lib/python3.12/site-packages/hybrid_astar_planner
[0.783s] copying /home/nga/robot_social_pathfinding/my_ws/build/hybrid_astar_planner/build/lib/hybrid_astar_planner/planner_node.py -> /home/nga/robot_social_pathfinding/my_ws/install/hybrid_astar_planner/lib/python3.12/site-packages/hybrid_astar_planner
[0.783s] byte-compiling /home/nga/robot_social_pathfinding/my_ws/install/hybrid_astar_planner/lib/python3.12/site-packages/hybrid_astar_planner/hybrid_astar.py to hybrid_astar.cpython-312.pyc
[0.785s] byte-compiling /home/nga/robot_social_pathfinding/my_ws/install/hybrid_astar_planner/lib/python3.12/site-packages/hybrid_astar_planner/pure_pursuit.py to pure_pursuit.cpython-312.pyc
[0.785s] byte-compiling /home/nga/robot_social_pathfinding/my_ws/install/hybrid_astar_planner/lib/python3.12/site-packages/hybrid_astar_planner/teb_controller.py to teb_controller.cpython-312.pyc
[0.789s] byte-compiling /home/nga/robot_social_pathfinding/my_ws/install/hybrid_astar_planner/lib/python3.12/site-packages/hybrid_astar_planner/human_to_teb_obstacles.py to human_to_teb_obstacles.cpython-312.pyc
[0.789s] byte-compiling /home/nga/robot_social_pathfinding/my_ws/install/hybrid_astar_planner/lib/python3.12/site-packages/hybrid_astar_planner/publish_viapoints.py to publish_viapoints.cpython-312.pyc
[0.790s] byte-compiling /home/nga/robot_social_pathfinding/my_ws/install/hybrid_astar_planner/lib/python3.12/site-packages/hybrid_astar_planner/__init__.py to __init__.cpython-312.pyc
[0.790s] byte-compiling /home/nga/robot_social_pathfinding/my_ws/install/hybrid_astar_planner/lib/python3.12/site-packages/hybrid_astar_planner/planner_node.py to planner_node.cpython-312.pyc
[0.791s] running install_data
[0.791s] creating /home/nga/robot_social_pathfinding/my_ws/install/hybrid_astar_planner/share/ament_index
[0.791s] creating /home/nga/robot_social_pathfinding/my_ws/install/hybrid_astar_planner/share/ament_index/resource_index
[0.791s] creating /home/nga/robot_social_pathfinding/my_ws/install/hybrid_astar_planner/share/ament_index/resource_index/packages
[0.791s] copying resource/hybrid_astar_planner -> /home/nga/robot_social_pathfinding/my_ws/install/hybrid_astar_planner/share/ament_index/resource_index/packages
[0.791s] copying package.xml -> /home/nga/robot_social_pathfinding/my_ws/install/hybrid_astar_planner/share/hybrid_astar_planner
[0.791s] creating /home/nga/robot_social_pathfinding/my_ws/install/hybrid_astar_planner/share/hybrid_astar_planner/launch
[0.791s] copying launch/explore.launch.py -> /home/nga/robot_social_pathfinding/my_ws/install/hybrid_astar_planner/share/hybrid_astar_planner/launch
[0.791s] running install_egg_info
[0.802s] Copying ../../build/hybrid_astar_planner/hybrid_astar_planner.egg-info to /home/nga/robot_social_pathfinding/my_ws/install/hybrid_astar_planner/lib/python3.12/site-packages/hybrid_astar_planner-0.0.0-py3.12.egg-info
[0.802s] running install_scripts
[0.869s] Installing planner_node script to /home/nga/robot_social_pathfinding/my_ws/install/hybrid_astar_planner/lib/hybrid_astar_planner
[0.869s] Installing pure_pursuit script to /home/nga/robot_social_pathfinding/my_ws/install/hybrid_astar_planner/lib/hybrid_astar_planner
[0.869s] Installing teb_controller script to /home/nga/robot_social_pathfinding/my_ws/install/hybrid_astar_planner/lib/hybrid_astar_planner
[0.870s] writing list of installed files to '/home/nga/robot_social_pathfinding/my_ws/build/hybrid_astar_planner/install.log'
[0.894s] Invoked command in '/home/nga/robot_social_pathfinding/my_ws/src/hybrid_astar_planner' returned '0': DEBUGINFOD_URLS=https://debuginfod.ubuntu.com PYTHONPATH=/home/nga/robot_social_pathfinding/my_ws/build/hybrid_astar_planner/prefix_override:/usr/lib/python3/dist-packages/colcon_core/task/python/colcon_distutils_commands:/home/nga/robot_social_pathfinding/my_ws/install/hybrid_astar_planner/lib/python3.12/site-packages:${PYTHONPATH} /usr/bin/python3 -W ignore:setup.py install is deprecated -W ignore:easy_install command is deprecated setup.py egg_info --egg-base ../../build/hybrid_astar_planner build --build-base /home/nga/robot_social_pathfinding/my_ws/build/hybrid_astar_planner/build install --record /home/nga/robot_social_pathfinding/my_ws/build/hybrid_astar_planner/install.log --single-version-externally-managed install_data
